86
r 1 1 3
r 2 1 3
r 3 1 3
r 4 1 3
r 5 1 3
r 6 1 3
r 7 1 3
r 8 1 3
c 8 2 3
r 8 2 1
r 8 3 4
j 7 8
c 7 3 4
c 7 2 3
r 7 2 1
r 7 3 2
j 6 7
c 6 2 3
r 6 2 1
r 6 3 2
j 5 6
c 5 2 3
r 5 2 1
r 5 3 2
j 4 5
c 4 2 3
r 4 2 1
r 4 3 2
j 3 4
c 3 3 4
r 3 4 1
c 3 2 3
r 3 2 1
r 3 3 2
r 9 1 3
r 10 1 3
r 11 1 3
r 12 1 3
r 13 1 3
c 13 2 3
r 13 2 1
r 13 3 4
j 12 13
c 12 3 4
c 12 2 3
r 12 2 1
r 12 3 2
j 11 12
c 11 2 3
r 11 2 1
r 11 3 2
r 15 1 3
c 15 2 3
r 15 2 1
r 15 3 4
j 10 11
c 10 3 4
r 10 4 1
j 10 15
c 10 3 4
c 10 2 3
r 10 2 1
r 10 3 2
r 14 1 3
c 14 2 3
r 14 2 1
r 14 3 4
j 9 10
c 9 3 4
r 9 4 1
j 9 14
c 9 3 4
c 9 2 3
r 9 2 1
r 9 3 2
j 2 9
c 2 3 4
r 2 4 1
j 2 3
c 2 2 3
r 2 2 1
r 2 3 2
j 1 2
c 1 2 3
r 1 2 1
r 1 3 2
