I
< 1 500
C 2 -7029552803973744348141466418259346654483901747346744739219930582205996219799199797373501072037329460296751422864876398630012915711709843264075804970101818523648
S 3
- 4
< 5 531
+ 6 2
C 7 -3514776401986872174070733209129673327241950873673372369609965291102998109899599898686750536018664730148375711432438199315006457855854921632037902485050909261824
S 8
- 9
< 10 530
+ 11 7
C 12 -1757388200993436087035366604564836663620975436836686184804982645551499054949799949343375268009332360074187855716219099657503228927927460816018951242525454630912
S 13
- 14
< 15 529
+ 16 12
C 17 -878694100496718043517683302282418331810487718418343092402491322775749527474899974671687634004666180037093927858109549828751614463963730408009475621262727315456
S 18
- 19
< 20 528
+ 21 17
C 22 -439347050248359021758841651141209165905243859209171546201245661387874763737449987335843817002333090518546963929054774914375807231981865204004737810631363657728
S 23
- 24
< 25 527
+ 26 22
C 27 -219673525124179510879420825570604582952621929604585773100622830693937381868724993667921908501166540759273481964527387457187903615990932602002368905315681828864
S 28
- 29
< 30 526
+ 31 27
C 32 -109836762562089755439710412785302291476310964802292886550311415346968690934362496833960954250583270879636740982263693728593951807995466301001184452657840914432
S 33
- 34
< 35 525
+ 36 32
C 37 -54918381281044877719855206392651145738155482401146443275155707673484345467181248416980477125291630439818370491131846864296975903997733150500592226328920457216
S 38
- 39
< 40 524
+ 41 37
C 42 -27459190640522438859927603196325572869077741200573221637577853836742172733590624208490238562645810219909185245565923432148487951998866575250296113164460228608
S 43
- 44
< 45 523
+ 46 42
C 47 -13729595320261219429963801598162786434538870600286610818788926918371086366795312104245119281322900109954592622782961716074243975999433287625148056582230114304
S 48
- 49
< 50 522
+ 51 47
C 52 -6864797660130609714981900799081393217269435300143305409394463459185543183397656052122559640661450554977296311391480858037121987999716643812574028291115057152
S 53
- 54
< 55 521
+ 56 52
C 57 -3432398830065304857490950399540696608634717650071652704697231729592771591698828026061279820330720277488648155695740429018560993999858321906287014145557528576
S 58
- 59
< 60 520
+ 61 57
C 62 -1716199415032652428745475199770348304317358825035826352348615864796385795849414013030639910165360638744324077847870214509280496999929160953143507072778764288
S 63
- 64
< 65 519
+ 66 62
C 67 -858099707516326214372737599885174152158679412517913176174307932398192897924707006515319955082680819372162038923935107254640248499964580476571753536389382144
S 68
- 69
< 70 518
+ 71 67
C 72 -429049853758163107186368799942587076079339706258956588087153966199096448962353503257659977541340909686081019461967553627320124249982290238285876768194691072
S 73
- 74
< 75 517
+ 76 72
C 77 -214524926879081553593184399971293538039669853129478294043576983099548224481176751628829988770670454843040509730983776813660062124991145119142938384097345536
S 78
- 79
< 80 516
+ 81 77
C 82 -107262463439540776796592199985646769019834926564739147021788491549774112240588375814414994385330227421520254865491888406830031062495572559571469192048672768
S 83
- 84
< 85 515
+ 86 82
C 87 -53631231719770388398296099992823384509917463282369573510894245774887056120294187907207497192660613710760127432745944203415015531247786279785734596024336384
S 88
- 89
< 90 514
+ 91 87
C 92 -26815615859885194199148049996411692254958731641184786755447122887443528060147093953603748596330806855380063716372972101707507765623893139892867298012168192
S 93
- 94
< 95 513
+ 96 92
C 97 -13407807929942597099574024998205846127479365820592393377723561443721764030073546976801874298160903427690031858186486050853753882811946569946433649006084096
S 98
- 99
< 100 512
+ 101 97
C 102 -6703903964971298549787012499102923063739682910296196688861780721860882015036773488400937149080451713845015929093243025426876941405973284973216824503042048
S 103
- 104
< 105 511
+ 106 102
C 107 -3351951982485649274893506249551461531869841455148098344430890360930441007518386744200468574540725856922507964546621512713438470702986642486608412251521024
S 108
- 109
< 110 510
+ 111 107
C 112 -1675975991242824637446753124775730765934920727574049172215445180465220503759193372100234287270862928461253982273310756356719235351493321243304206125760512
S 113
- 114
< 115 509
+ 116 112
C 117 -837987995621412318723376562387865382967460363787024586107722590232610251879596686050117143630431464230626991136655378178359617675746660621652103062880256
S 118
- 119
< 120 508
+ 121 117
C 122 -418993997810706159361688281193932691483730181893512293053861295116305125939798343025058571810715732115313495568327689089179808837873330310826051531440128
S 123
- 124
< 125 507
+ 126 122
C 127 -209496998905353079680844140596966345741865090946756146526930647558152562969899171512529285900857866057656747784163844544589904418936665155413025765720064
S 128
- 129
< 130 506
+ 131 127
C 132 -104748499452676539840422070298483172870932545473378073263465323779076281484949585756264642950428933028828373892081922272294952209468332577706512882860032
S 133
- 134
< 135 505
+ 136 132
C 137 -52374249726338269920211035149241586435466272736689036631732661889538140742474792878132321470214466514414186946040961136147476104734166288853256441430016
S 138
- 139
< 140 504
+ 141 137
C 142 -26187124863169134960105517574620793217733136368344518315866330944769070371237396439066160730607233257207093473020480568073738052367083144426628220715008
S 143
- 144
< 145 503
+ 146 142
C 147 -13093562431584567480052758787310396608866568184172259157933165472384535185618698219533080360303616628603546736510240284036869026183541572213314110357504
S 148
- 149
< 150 502
+ 151 147
C 152 -6546781215792283740026379393655198304433284092086129578966582736192267592809349109766540180651808314301773368255120142018434513091770786106657055178752
S 153
- 154
< 155 501
+ 156 152
> 157 500
I
< 159 500
C 160 -7029552803973744348141466418259346654483901747346744739219930582205996219799199797373501072037329460296751422864876398630012915711709843264075804970101818523648
S 161
- 162
< 163 531
+ 164 160
C 165 -3514776401986872174070733209129673327241950873673372369609965291102998109899599898686750536018664730148375711432438199315006457855854921632037902485050909261824
S 166
- 167
< 168 530
+ 169 165
C 170 -1757388200993436087035366604564836663620975436836686184804982645551499054949799949343375268009332360074187855716219099657503228927927460816018951242525454630912
S 171
- 172
< 173 529
+ 174 170
C 175 -878694100496718043517683302282418331810487718418343092402491322775749527474899974671687634004666180037093927858109549828751614463963730408009475621262727315456
S 176
- 177
< 178 528
+ 179 175
C 180 -439347050248359021758841651141209165905243859209171546201245661387874763737449987335843817002333090518546963929054774914375807231981865204004737810631363657728
S 181
- 182
< 183 527
+ 184 180
C 185 -219673525124179510879420825570604582952621929604585773100622830693937381868724993667921908501166540759273481964527387457187903615990932602002368905315681828864
S 186
- 187
< 188 526
+ 189 185
C 190 -109836762562089755439710412785302291476310964802292886550311415346968690934362496833960954250583270879636740982263693728593951807995466301001184452657840914432
S 191
- 192
< 193 525
+ 194 190
C 195 -54918381281044877719855206392651145738155482401146443275155707673484345467181248416980477125291630439818370491131846864296975903997733150500592226328920457216
S 196
- 197
< 198 524
+ 199 195
C 200 -27459190640522438859927603196325572869077741200573221637577853836742172733590624208490238562645810219909185245565923432148487951998866575250296113164460228608
S 201
- 202
< 203 523
+ 204 200
C 205 -13729595320261219429963801598162786434538870600286610818788926918371086366795312104245119281322900109954592622782961716074243975999433287625148056582230114304
S 206
- 207
< 208 522
+ 209 205
C 210 -6864797660130609714981900799081393217269435300143305409394463459185543183397656052122559640661450554977296311391480858037121987999716643812574028291115057152
S 211
- 212
< 213 521
+ 214 210
C 215 -3432398830065304857490950399540696608634717650071652704697231729592771591698828026061279820330720277488648155695740429018560993999858321906287014145557528576
S 216
- 217
< 218 520
+ 219 215
C 220 -1716199415032652428745475199770348304317358825035826352348615864796385795849414013030639910165360638744324077847870214509280496999929160953143507072778764288
S 221
- 222
< 223 519
+ 224 220
C 225 -858099707516326214372737599885174152158679412517913176174307932398192897924707006515319955082680819372162038923935107254640248499964580476571753536389382144
S 226
- 227
< 228 518
+ 229 225
C 230 -429049853758163107186368799942587076079339706258956588087153966199096448962353503257659977541340909686081019461967553627320124249982290238285876768194691072
S 231
- 232
< 233 517
+ 234 230
C 235 -214524926879081553593184399971293538039669853129478294043576983099548224481176751628829988770670454843040509730983776813660062124991145119142938384097345536
S 236
- 237
< 238 516
+ 239 235
C 240 -107262463439540776796592199985646769019834926564739147021788491549774112240588375814414994385330227421520254865491888406830031062495572559571469192048672768
S 241
- 242
< 243 515
+ 244 240
C 245 -53631231719770388398296099992823384509917463282369573510894245774887056120294187907207497192660613710760127432745944203415015531247786279785734596024336384
S 246
- 247
< 248 514
+ 249 245
C 250 -26815615859885194199148049996411692254958731641184786755447122887443528060147093953603748596330806855380063716372972101707507765623893139892867298012168192
S 251
- 252
< 253 513
+ 254 250
C 255 -13407807929942597099574024998205846127479365820592393377723561443721764030073546976801874298160903427690031858186486050853753882811946569946433649006084096
S 256
- 257
< 258 512
+ 259 255
C 260 -6703903964971298549787012499102923063739682910296196688861780721860882015036773488400937149080451713845015929093243025426876941405973284973216824503042048
S 261
- 262
< 263 511
+ 264 260
C 265 -3351951982485649274893506249551461531869841455148098344430890360930441007518386744200468574540725856922507964546621512713438470702986642486608412251521024
S 266
- 267
< 268 510
+ 269 265
C 270 -1675975991242824637446753124775730765934920727574049172215445180465220503759193372100234287270862928461253982273310756356719235351493321243304206125760512
S 271
- 272
< 273 509
+ 274 270
C 275 -837987995621412318723376562387865382967460363787024586107722590232610251879596686050117143630431464230626991136655378178359617675746660621652103062880256
S 276
- 277
< 278 508
+ 279 275
C 280 -418993997810706159361688281193932691483730181893512293053861295116305125939798343025058571810715732115313495568327689089179808837873330310826051531440128
S 281
- 282
< 283 507
+ 284 280
C 285 -209496998905353079680844140596966345741865090946756146526930647558152562969899171512529285900857866057656747784163844544589904418936665155413025765720064
S 286
- 287
< 288 506
+ 289 285
C 290 -104748499452676539840422070298483172870932545473378073263465323779076281484949585756264642950428933028828373892081922272294952209468332577706512882860032
S 291
- 292
< 293 505
+ 294 290
C 295 -52374249726338269920211035149241586435466272736689036631732661889538140742474792878132321470214466514414186946040961136147476104734166288853256441430016
S 296
- 297
< 298 504
+ 299 295
C 300 -26187124863169134960105517574620793217733136368344518315866330944769070371237396439066160730607233257207093473020480568073738052367083144426628220715008
S 301
- 302
< 303 503
+ 304 300
C 305 -13093562431584567480052758787310396608866568184172259157933165472384535185618698219533080360303616628603546736510240284036869026183541572213314110357504
S 306
- 307
< 308 502
+ 309 305
C 310 -6546781215792283740026379393655198304433284092086129578966582736192267592809349109766540180651808314301773368255120142018434513091770786106657055178752
S 311
- 312
< 313 501
+ 314 310
> 315 500
+ 4 162
C 317 -0.5
< 318 500
S 319
< 320 1
- 317
+ 321 322
< 323 31
+ 9 167
C 325 -0.5
< 326 500
S 327
< 328 1
- 325
+ 329 330
< 331 30
+ 324 332
+ 14 172
C 334 -0.5
< 335 500
S 336
< 337 1
- 334
+ 338 339
< 340 29
+ 333 341
+ 19 177
C 343 -0.5
< 344 500
S 345
< 346 1
- 343
+ 347 348
< 349 28
+ 342 350
+ 24 182
C 352 -0.5
< 353 500
S 354
< 355 1
- 352
+ 356 357
< 358 27
+ 351 359
+ 29 187
C 361 -0.5
< 362 500
S 363
< 364 1
- 361
+ 365 366
< 367 26
+ 360 368
+ 34 192
C 370 -0.5
< 371 500
S 372
< 373 1
- 370
+ 374 375
< 376 25
+ 369 377
+ 39 197
C 379 -0.5
< 380 500
S 381
< 382 1
- 379
+ 383 384
< 385 24
+ 378 386
+ 44 202
C 388 -0.5
< 389 500
S 390
< 391 1
- 388
+ 392 393
< 394 23
+ 387 395
+ 49 207
C 397 -0.5
< 398 500
S 399
< 400 1
- 397
+ 401 402
< 403 22
+ 396 404
+ 54 212
C 406 -0.5
< 407 500
S 408
< 409 1
- 406
+ 410 411
< 412 21
+ 405 413
+ 59 217
C 415 -0.5
< 416 500
S 417
< 418 1
- 415
+ 419 420
< 421 20
+ 414 422
+ 64 222
C 424 -0.5
< 425 500
S 426
< 427 1
- 424
+ 428 429
< 430 19
+ 423 431
+ 69 227
C 433 -0.5
< 434 500
S 435
< 436 1
- 433
+ 437 438
< 439 18
+ 432 440
+ 74 232
C 442 -0.5
< 443 500
S 444
< 445 1
- 442
+ 446 447
< 448 17
+ 441 449
+ 79 237
C 451 -0.5
< 452 500
S 453
< 454 1
- 451
+ 455 456
< 457 16
+ 450 458
+ 84 242
C 460 -0.5
< 461 500
S 462
< 463 1
- 460
+ 464 465
< 466 15
+ 459 467
+ 89 247
C 469 -0.5
< 470 500
S 471
< 472 1
- 469
+ 473 474
< 475 14
+ 468 476
+ 94 252
C 478 -0.5
< 479 500
S 480
< 481 1
- 478
+ 482 483
< 484 13
+ 477 485
+ 99 257
C 487 -0.5
< 488 500
S 489
< 490 1
- 487
+ 491 492
< 493 12
+ 486 494
+ 104 262
C 496 -0.5
< 497 500
S 498
< 499 1
- 496
+ 500 501
< 502 11
+ 495 503
+ 109 267
C 505 -0.5
< 506 500
S 507
< 508 1
- 505
+ 509 510
< 511 10
+ 504 512
+ 114 272
C 514 -0.5
< 515 500
S 516
< 517 1
- 514
+ 518 519
< 520 9
+ 513 521
+ 119 277
C 523 -0.5
< 524 500
S 525
< 526 1
- 523
+ 527 528
< 529 8
+ 522 530
+ 124 282
C 532 -0.5
< 533 500
S 534
< 535 1
- 532
+ 536 537
< 538 7
+ 531 539
+ 129 287
C 541 -0.5
< 542 500
S 543
< 544 1
- 541
+ 545 546
< 547 6
+ 540 548
+ 134 292
C 550 -0.5
< 551 500
S 552
< 553 1
- 550
+ 554 555
< 556 5
+ 549 557
+ 139 297
C 559 -0.5
< 560 500
S 561
< 562 1
- 559
+ 563 564
< 565 4
+ 558 566
+ 144 302
C 568 -0.5
< 569 500
S 570
< 571 1
- 568
+ 572 573
< 574 3
+ 567 575
+ 149 307
C 577 -0.5
< 578 500
S 579
< 580 1
- 577
+ 581 582
< 583 2
+ 576 584
+ 154 312
C 586 -0.5
< 587 500
S 588
< 589 1
- 586
+ 590 591
< 592 1
+ 585 593
+ 158 316
C 595 -0.5
< 596 500
S 597
< 598 1
- 595
+ 599 600
< 601 0
+ 594 602
O 603
