I
I
I
I
I
I
I
I
I
I
I
I
I
I
I
I
- 1
+ 17 2
C 18 0.000000000000000000000000000001
< 19 500
S 20
< 21 152
> 18 150
+ 22 23
S 24
- 25
C 26 0.5
< 27 153
+ 18 28
+ 29 22
+ 1 2
+ 31 30
> 32 1
- 33
+ 34 31
- 35
+ 36 3
C 37 0.000000000000000000000000000001
< 38 500
S 39
< 40 152
> 37 150
+ 41 42
S 43
- 44
C 45 0.5
< 46 153
+ 37 47
+ 48 41
+ 35 3
+ 50 49
> 51 1
- 52
+ 53 50
- 54
+ 55 4
C 56 0.000000000000000000000000000001
< 57 500
S 58
< 59 152
> 56 150
+ 60 61
S 62
- 63
C 64 0.5
< 65 153
+ 56 66
+ 67 60
+ 54 4
+ 69 68
> 70 1
- 71
+ 72 69
- 73
+ 74 5
C 75 0.000000000000000000000000000001
< 76 500
S 77
< 78 152
> 75 150
+ 79 80
S 81
- 82
C 83 0.5
< 84 153
+ 75 85
+ 86 79
+ 73 5
+ 88 87
> 89 1
- 90
+ 91 88
- 92
+ 93 6
C 94 0.000000000000000000000000000001
< 95 500
S 96
< 97 152
> 94 150
+ 98 99
S 100
- 101
C 102 0.5
< 103 153
+ 94 104
+ 105 98
+ 92 6
+ 107 106
> 108 1
- 109
+ 110 107
- 111
+ 112 7
C 113 0.000000000000000000000000000001
< 114 500
S 115
< 116 152
> 113 150
+ 117 118
S 119
- 120
C 121 0.5
< 122 153
+ 113 123
+ 124 117
+ 111 7
+ 126 125
> 127 1
- 128
+ 129 126
- 130
+ 131 8
C 132 0.000000000000000000000000000001
< 133 500
S 134
< 135 152
> 132 150
+ 136 137
S 138
- 139
C 140 0.5
< 141 153
+ 132 142
+ 143 136
+ 130 8
+ 145 144
> 146 1
- 147
+ 148 145
- 149
+ 150 9
C 151 0.000000000000000000000000000001
< 152 500
S 153
< 154 152
> 151 150
+ 155 156
S 157
- 158
C 159 0.5
< 160 153
+ 151 161
+ 162 155
+ 149 9
+ 164 163
> 165 1
- 166
+ 167 164
- 168
+ 169 10
C 170 0.000000000000000000000000000001
< 171 500
S 172
< 173 152
> 170 150
+ 174 175
S 176
- 177
C 178 0.5
< 179 153
+ 170 180
+ 181 174
+ 168 10
+ 183 182
> 184 1
- 185
+ 186 183
- 187
+ 188 11
C 189 0.000000000000000000000000000001
< 190 500
S 191
< 192 152
> 189 150
+ 193 194
S 195
- 196
C 197 0.5
< 198 153
+ 189 199
+ 200 193
+ 187 11
+ 202 201
> 203 1
- 204
+ 205 202
- 206
+ 207 12
C 208 0.000000000000000000000000000001
< 209 500
S 210
< 211 152
> 208 150
+ 212 213
S 214
- 215
C 216 0.5
< 217 153
+ 208 218
+ 219 212
+ 206 12
+ 221 220
> 222 1
- 223
+ 224 221
- 225
+ 226 13
C 227 0.000000000000000000000000000001
< 228 500
S 229
< 230 152
> 227 150
+ 231 232
S 233
- 234
C 235 0.5
< 236 153
+ 227 237
+ 238 231
+ 225 13
+ 240 239
> 241 1
- 242
+ 243 240
- 244
+ 245 14
C 246 0.000000000000000000000000000001
< 247 500
S 248
< 249 152
> 246 150
+ 250 251
S 252
- 253
C 254 0.5
< 255 153
+ 246 256
+ 257 250
+ 244 14
+ 259 258
> 260 1
- 261
+ 262 259
- 263
+ 264 15
C 265 0.000000000000000000000000000001
< 266 500
S 267
< 268 152
> 265 150
+ 269 270
S 271
- 272
C 273 0.5
< 274 153
+ 265 275
+ 276 269
+ 263 15
+ 278 277
> 279 1
- 280
+ 281 278
- 282
+ 283 16
C 284 0.000000000000000000000000000001
< 285 500
S 286
< 287 152
> 284 150
+ 288 289
S 290
- 291
C 292 0.5
< 293 153
+ 284 294
+ 295 288
+ 282 16
+ 297 296
> 298 1
- 299
+ 300 297
- 33
+ 302 52
C 303 0.000000000000000000000000000001
< 304 500
S 305
< 306 152
> 303 150
+ 307 308
S 309
- 310
C 311 0.5
< 312 153
+ 303 313
+ 314 307
+ 33 52
+ 316 315
> 317 1
- 318
+ 319 316
- 320
+ 321 71
C 322 0.000000000000000000000000000001
< 323 500
S 324
< 325 152
> 322 150
+ 326 327
S 328
- 329
C 330 0.5
< 331 153
+ 322 332
+ 333 326
+ 320 71
+ 335 334
> 336 1
- 337
+ 338 335
- 339
+ 340 90
C 341 0.000000000000000000000000000001
< 342 500
S 343
< 344 152
> 341 150
+ 345 346
S 347
- 348
C 349 0.5
< 350 153
+ 341 351
+ 352 345
+ 339 90
+ 354 353
> 355 1
- 356
+ 357 354
- 358
+ 359 109
C 360 0.000000000000000000000000000001
< 361 500
S 362
< 363 152
> 360 150
+ 364 365
S 366
- 367
C 368 0.5
< 369 153
+ 360 370
+ 371 364
+ 358 109
+ 373 372
> 374 1
- 375
+ 376 373
- 377
+ 378 128
C 379 0.000000000000000000000000000001
< 380 500
S 381
< 382 152
> 379 150
+ 383 384
S 385
- 386
C 387 0.5
< 388 153
+ 379 389
+ 390 383
+ 377 128
+ 392 391
> 393 1
- 394
+ 395 392
- 396
+ 397 147
C 398 0.000000000000000000000000000001
< 399 500
S 400
< 401 152
> 398 150
+ 402 403
S 404
- 405
C 406 0.5
< 407 153
+ 398 408
+ 409 402
+ 396 147
+ 411 410
> 412 1
- 413
+ 414 411
- 415
+ 416 166
C 417 0.000000000000000000000000000001
< 418 500
S 419
< 420 152
> 417 150
+ 421 422
S 423
- 424
C 425 0.5
< 426 153
+ 417 427
+ 428 421
+ 415 166
+ 430 429
> 431 1
- 432
+ 433 430
- 434
+ 435 185
C 436 0.000000000000000000000000000001
< 437 500
S 438
< 439 152
> 436 150
+ 440 441
S 442
- 443
C 444 0.5
< 445 153
+ 436 446
+ 447 440
+ 434 185
+ 449 448
> 450 1
- 451
+ 452 449
- 453
+ 454 204
C 455 0.000000000000000000000000000001
< 456 500
S 457
< 458 152
> 455 150
+ 459 460
S 461
- 462
C 463 0.5
< 464 153
+ 455 465
+ 466 459
+ 453 204
+ 468 467
> 469 1
- 470
+ 471 468
- 472
+ 473 223
C 474 0.000000000000000000000000000001
< 475 500
S 476
< 477 152
> 474 150
+ 478 479
S 480
- 481
C 482 0.5
< 483 153
+ 474 484
+ 485 478
+ 472 223
+ 487 486
> 488 1
- 489
+ 490 487
- 491
+ 492 242
C 493 0.000000000000000000000000000001
< 494 500
S 495
< 496 152
> 493 150
+ 497 498
S 499
- 500
C 501 0.5
< 502 153
+ 493 503
+ 504 497
+ 491 242
+ 506 505
> 507 1
- 508
+ 509 506
- 510
+ 511 261
C 512 0.000000000000000000000000000001
< 513 500
S 514
< 515 152
> 512 150
+ 516 517
S 518
- 519
C 520 0.5
< 521 153
+ 512 522
+ 523 516
+ 510 261
+ 525 524
> 526 1
- 527
+ 528 525
- 529
+ 530 280
C 531 0.000000000000000000000000000001
< 532 500
S 533
< 534 152
> 531 150
+ 535 536
S 537
- 538
C 539 0.5
< 540 153
+ 531 541
+ 542 535
+ 529 280
+ 544 543
> 545 1
- 546
+ 547 544
- 548
+ 549 299
C 550 0.000000000000000000000000000001
< 551 500
S 552
< 553 152
> 550 150
+ 554 555
S 556
- 557
C 558 0.5
< 559 153
+ 550 560
+ 561 554
+ 548 299
+ 563 562
> 564 1
- 565
+ 566 563
- 318
+ 568 337
C 569 0.000000000000000000000000000001
< 570 500
S 571
< 572 152
> 569 150
+ 573 574
S 575
- 576
C 577 0.5
< 578 153
+ 569 579
+ 580 573
+ 318 337
+ 582 581
> 583 1
- 584
+ 585 582
- 586
+ 587 356
C 588 0.000000000000000000000000000001
< 589 500
S 590
< 591 152
> 588 150
+ 592 593
S 594
- 595
C 596 0.5
< 597 153
+ 588 598
+ 599 592
+ 586 356
+ 601 600
> 602 1
- 603
+ 604 601
- 605
+ 606 375
C 607 0.000000000000000000000000000001
< 608 500
S 609
< 610 152
> 607 150
+ 611 612
S 613
- 614
C 615 0.5
< 616 153
+ 607 617
+ 618 611
+ 605 375
+ 620 619
> 621 1
- 622
+ 623 620
- 624
+ 625 394
C 626 0.000000000000000000000000000001
< 627 500
S 628
< 629 152
> 626 150
+ 630 631
S 632
- 633
C 634 0.5
< 635 153
+ 626 636
+ 637 630
+ 624 394
+ 639 638
> 640 1
- 641
+ 642 639
- 643
+ 644 413
C 645 0.000000000000000000000000000001
< 646 500
S 647
< 648 152
> 645 150
+ 649 650
S 651
- 652
C 653 0.5
< 654 153
+ 645 655
+ 656 649
+ 643 413
+ 658 657
> 659 1
- 660
+ 661 658
- 662
+ 663 432
C 664 0.000000000000000000000000000001
< 665 500
S 666
< 667 152
> 664 150
+ 668 669
S 670
- 671
C 672 0.5
< 673 153
+ 664 674
+ 675 668
+ 662 432
+ 677 676
> 678 1
- 679
+ 680 677
- 681
+ 682 451
C 683 0.000000000000000000000000000001
< 684 500
S 685
< 686 152
> 683 150
+ 687 688
S 689
- 690
C 691 0.5
< 692 153
+ 683 693
+ 694 687
+ 681 451
+ 696 695
> 697 1
- 698
+ 699 696
- 700
+ 701 470
C 702 0.000000000000000000000000000001
< 703 500
S 704
< 705 152
> 702 150
+ 706 707
S 708
- 709
C 710 0.5
< 711 153
+ 702 712
+ 713 706
+ 700 470
+ 715 714
> 716 1
- 717
+ 718 715
- 719
+ 720 489
C 721 0.000000000000000000000000000001
< 722 500
S 723
< 724 152
> 721 150
+ 725 726
S 727
- 728
C 729 0.5
< 730 153
+ 721 731
+ 732 725
+ 719 489
+ 734 733
> 735 1
- 736
+ 737 734
- 738
+ 739 508
C 740 0.000000000000000000000000000001
< 741 500
S 742
< 743 152
> 740 150
+ 744 745
S 746
- 747
C 748 0.5
< 749 153
+ 740 750
+ 751 744
+ 738 508
+ 753 752
> 754 1
- 755
+ 756 753
- 757
+ 758 527
C 759 0.000000000000000000000000000001
< 760 500
S 761
< 762 152
> 759 150
+ 763 764
S 765
- 766
C 767 0.5
< 768 153
+ 759 769
+ 770 763
+ 757 527
+ 772 771
> 773 1
- 774
+ 775 772
- 776
+ 777 546
C 778 0.000000000000000000000000000001
< 779 500
S 780
< 781 152
> 778 150
+ 782 783
S 784
- 785
C 786 0.5
< 787 153
+ 778 788
+ 789 782
+ 776 546
+ 791 790
> 792 1
- 793
+ 794 791
- 795
+ 796 565
C 797 0.000000000000000000000000000001
< 798 500
S 799
< 800 152
> 797 150
+ 801 802
S 803
- 804
C 805 0.5
< 806 153
+ 797 807
+ 808 801
+ 795 565
+ 810 809
> 811 1
- 812
+ 813 810
- 584
+ 815 603
C 816 0.000000000000000000000000000001
< 817 500
S 818
< 819 152
> 816 150
+ 820 821
S 822
- 823
C 824 0.5
< 825 153
+ 816 826
+ 827 820
+ 584 603
+ 829 828
> 830 1
- 831
+ 832 829
- 833
+ 834 622
C 835 0.000000000000000000000000000001
< 836 500
S 837
< 838 152
> 835 150
+ 839 840
S 841
- 842
C 843 0.5
< 844 153
+ 835 845
+ 846 839
+ 833 622
+ 848 847
> 849 1
- 850
+ 851 848
- 852
+ 853 641
C 854 0.000000000000000000000000000001
< 855 500
S 856
< 857 152
> 854 150
+ 858 859
S 860
- 861
C 862 0.5
< 863 153
+ 854 864
+ 865 858
+ 852 641
+ 867 866
> 868 1
- 869
+ 870 867
- 871
+ 872 660
C 873 0.000000000000000000000000000001
< 874 500
S 875
< 876 152
> 873 150
+ 877 878
S 879
- 880
C 881 0.5
< 882 153
+ 873 883
+ 884 877
+ 871 660
+ 886 885
> 887 1
- 888
+ 889 886
- 890
+ 891 679
C 892 0.000000000000000000000000000001
< 893 500
S 894
< 895 152
> 892 150
+ 896 897
S 898
- 899
C 900 0.5
< 901 153
+ 892 902
+ 903 896
+ 890 679
+ 905 904
> 906 1
- 907
+ 908 905
- 909
+ 910 698
C 911 0.000000000000000000000000000001
< 912 500
S 913
< 914 152
> 911 150
+ 915 916
S 917
- 918
C 919 0.5
< 920 153
+ 911 921
+ 922 915
+ 909 698
+ 924 923
> 925 1
- 926
+ 927 924
- 928
+ 929 717
C 930 0.000000000000000000000000000001
< 931 500
S 932
< 933 152
> 930 150
+ 934 935
S 936
- 937
C 938 0.5
< 939 153
+ 930 940
+ 941 934
+ 928 717
+ 943 942
> 944 1
- 945
+ 946 943
- 947
+ 948 736
C 949 0.000000000000000000000000000001
< 950 500
S 951
< 952 152
> 949 150
+ 953 954
S 955
- 956
C 957 0.5
< 958 153
+ 949 959
+ 960 953
+ 947 736
+ 962 961
> 963 1
- 964
+ 965 962
- 966
+ 967 755
C 968 0.000000000000000000000000000001
< 969 500
S 970
< 971 152
> 968 150
+ 972 973
S 974
- 975
C 976 0.5
< 977 153
+ 968 978
+ 979 972
+ 966 755
+ 981 980
> 982 1
- 983
+ 984 981
- 985
+ 986 774
C 987 0.000000000000000000000000000001
< 988 500
S 989
< 990 152
> 987 150
+ 991 992
S 993
- 994
C 995 0.5
< 996 153
+ 987 997
+ 998 991
+ 985 774
+ 1000 999
> 1001 1
- 1002
+ 1003 1000
- 1004
+ 1005 793
C 1006 0.000000000000000000000000000001
< 1007 500
S 1008
< 1009 152
> 1006 150
+ 1010 1011
S 1012
- 1013
C 1014 0.5
< 1015 153
+ 1006 1016
+ 1017 1010
+ 1004 793
+ 1019 1018
> 1020 1
- 1021
+ 1022 1019
- 1023
+ 1024 812
C 1025 0.000000000000000000000000000001
< 1026 500
S 1027
< 1028 152
> 1025 150
+ 1029 1030
S 1031
- 1032
C 1033 0.5
< 1034 153
+ 1025 1035
+ 1036 1029
+ 1023 812
+ 1038 1037
> 1039 1
- 1040
+ 1041 1038
- 831
+ 1043 850
C 1044 0.000000000000000000000000000001
< 1045 500
S 1046
< 1047 152
> 1044 150
+ 1048 1049
S 1050
- 1051
C 1052 0.5
< 1053 153
+ 1044 1054
+ 1055 1048
+ 831 850
+ 1057 1056
> 1058 1
- 1059
+ 1060 1057
- 1061
+ 1062 869
C 1063 0.000000000000000000000000000001
< 1064 500
S 1065
< 1066 152
> 1063 150
+ 1067 1068
S 1069
- 1070
C 1071 0.5
< 1072 153
+ 1063 1073
+ 1074 1067
+ 1061 869
+ 1076 1075
> 1077 1
- 1078
+ 1079 1076
- 1080
+ 1081 888
C 1082 0.000000000000000000000000000001
< 1083 500
S 1084
< 1085 152
> 1082 150
+ 1086 1087
S 1088
- 1089
C 1090 0.5
< 1091 153
+ 1082 1092
+ 1093 1086
+ 1080 888
+ 1095 1094
> 1096 1
- 1097
+ 1098 1095
- 1099
+ 1100 907
C 1101 0.000000000000000000000000000001
< 1102 500
S 1103
< 1104 152
> 1101 150
+ 1105 1106
S 1107
- 1108
C 1109 0.5
< 1110 153
+ 1101 1111
+ 1112 1105
+ 1099 907
+ 1114 1113
> 1115 1
- 1116
+ 1117 1114
- 1118
+ 1119 926
C 1120 0.000000000000000000000000000001
< 1121 500
S 1122
< 1123 152
> 1120 150
+ 1124 1125
S 1126
- 1127
C 1128 0.5
< 1129 153
+ 1120 1130
+ 1131 1124
+ 1118 926
+ 1133 1132
> 1134 1
- 1135
+ 1136 1133
- 1137
+ 1138 945
C 1139 0.000000000000000000000000000001
< 1140 500
S 1141
< 1142 152
> 1139 150
+ 1143 1144
S 1145
- 1146
C 1147 0.5
< 1148 153
+ 1139 1149
+ 1150 1143
+ 1137 945
+ 1152 1151
> 1153 1
- 1154
+ 1155 1152
- 1156
+ 1157 964
C 1158 0.000000000000000000000000000001
< 1159 500
S 1160
< 1161 152
> 1158 150
+ 1162 1163
S 1164
- 1165
C 1166 0.5
< 1167 153
+ 1158 1168
+ 1169 1162
+ 1156 964
+ 1171 1170
> 1172 1
- 1173
+ 1174 1171
- 1175
+ 1176 983
C 1177 0.000000000000000000000000000001
< 1178 500
S 1179
< 1180 152
> 1177 150
+ 1181 1182
S 1183
- 1184
C 1185 0.5
< 1186 153
+ 1177 1187
+ 1188 1181
+ 1175 983
+ 1190 1189
> 1191 1
- 1192
+ 1193 1190
- 1194
+ 1195 1002
C 1196 0.000000000000000000000000000001
< 1197 500
S 1198
< 1199 152
> 1196 150
+ 1200 1201
S 1202
- 1203
C 1204 0.5
< 1205 153
+ 1196 1206
+ 1207 1200
+ 1194 1002
+ 1209 1208
> 1210 1
- 1211
+ 1212 1209
- 1213
+ 1214 1021
C 1215 0.000000000000000000000000000001
< 1216 500
S 1217
< 1218 152
> 1215 150
+ 1219 1220
S 1221
- 1222
C 1223 0.5
< 1224 153
+ 1215 1225
+ 1226 1219
+ 1213 1021
+ 1228 1227
> 1229 1
- 1230
+ 1231 1228
- 1232
+ 1233 1040
C 1234 0.000000000000000000000000000001
< 1235 500
S 1236
< 1237 152
> 1234 150
+ 1238 1239
S 1240
- 1241
C 1242 0.5
< 1243 153
+ 1234 1244
+ 1245 1238
+ 1232 1040
+ 1247 1246
> 1248 1
- 1249
+ 1250 1247
- 1059
+ 1252 1078
C 1253 0.000000000000000000000000000001
< 1254 500
S 1255
< 1256 152
> 1253 150
+ 1257 1258
S 1259
- 1260
C 1261 0.5
< 1262 153
+ 1253 1263
+ 1264 1257
+ 1059 1078
+ 1266 1265
> 1267 1
- 1268
+ 1269 1266
- 1270
+ 1271 1097
C 1272 0.000000000000000000000000000001
< 1273 500
S 1274
< 1275 152
> 1272 150
+ 1276 1277
S 1278
- 1279
C 1280 0.5
< 1281 153
+ 1272 1282
+ 1283 1276
+ 1270 1097
+ 1285 1284
> 1286 1
- 1287
+ 1288 1285
- 1289
+ 1290 1116
C 1291 0.000000000000000000000000000001
< 1292 500
S 1293
< 1294 152
> 1291 150
+ 1295 1296
S 1297
- 1298
C 1299 0.5
< 1300 153
+ 1291 1301
+ 1302 1295
+ 1289 1116
+ 1304 1303
> 1305 1
- 1306
+ 1307 1304
- 1308
+ 1309 1135
C 1310 0.000000000000000000000000000001
< 1311 500
S 1312
< 1313 152
> 1310 150
+ 1314 1315
S 1316
- 1317
C 1318 0.5
< 1319 153
+ 1310 1320
+ 1321 1314
+ 1308 1135
+ 1323 1322
> 1324 1
- 1325
+ 1326 1323
- 1327
+ 1328 1154
C 1329 0.000000000000000000000000000001
< 1330 500
S 1331
< 1332 152
> 1329 150
+ 1333 1334
S 1335
- 1336
C 1337 0.5
< 1338 153
+ 1329 1339
+ 1340 1333
+ 1327 1154
+ 1342 1341
> 1343 1
- 1344
+ 1345 1342
- 1346
+ 1347 1173
C 1348 0.000000000000000000000000000001
< 1349 500
S 1350
< 1351 152
> 1348 150
+ 1352 1353
S 1354
- 1355
C 1356 0.5
< 1357 153
+ 1348 1358
+ 1359 1352
+ 1346 1173
+ 1361 1360
> 1362 1
- 1363
+ 1364 1361
- 1365
+ 1366 1192
C 1367 0.000000000000000000000000000001
< 1368 500
S 1369
< 1370 152
> 1367 150
+ 1371 1372
S 1373
- 1374
C 1375 0.5
< 1376 153
+ 1367 1377
+ 1378 1371
+ 1365 1192
+ 1380 1379
> 1381 1
- 1382
+ 1383 1380
- 1384
+ 1385 1211
C 1386 0.000000000000000000000000000001
< 1387 500
S 1388
< 1389 152
> 1386 150
+ 1390 1391
S 1392
- 1393
C 1394 0.5
< 1395 153
+ 1386 1396
+ 1397 1390
+ 1384 1211
+ 1399 1398
> 1400 1
- 1401
+ 1402 1399
- 1403
+ 1404 1230
C 1405 0.000000000000000000000000000001
< 1406 500
S 1407
< 1408 152
> 1405 150
+ 1409 1410
S 1411
- 1412
C 1413 0.5
< 1414 153
+ 1405 1415
+ 1416 1409
+ 1403 1230
+ 1418 1417
> 1419 1
- 1420
+ 1421 1418
- 1422
+ 1423 1249
C 1424 0.000000000000000000000000000001
< 1425 500
S 1426
< 1427 152
> 1424 150
+ 1428 1429
S 1430
- 1431
C 1432 0.5
< 1433 153
+ 1424 1434
+ 1435 1428
+ 1422 1249
+ 1437 1436
> 1438 1
- 1439
+ 1440 1437
- 1268
+ 1442 1287
C 1443 0.000000000000000000000000000001
< 1444 500
S 1445
< 1446 152
> 1443 150
+ 1447 1448
S 1449
- 1450
C 1451 0.5
< 1452 153
+ 1443 1453
+ 1454 1447
+ 1268 1287
+ 1456 1455
> 1457 1
- 1458
+ 1459 1456
- 1460
+ 1461 1306
C 1462 0.000000000000000000000000000001
< 1463 500
S 1464
< 1465 152
> 1462 150
+ 1466 1467
S 1468
- 1469
C 1470 0.5
< 1471 153
+ 1462 1472
+ 1473 1466
+ 1460 1306
+ 1475 1474
> 1476 1
- 1477
+ 1478 1475
- 1479
+ 1480 1325
C 1481 0.000000000000000000000000000001
< 1482 500
S 1483
< 1484 152
> 1481 150
+ 1485 1486
S 1487
- 1488
C 1489 0.5
< 1490 153
+ 1481 1491
+ 1492 1485
+ 1479 1325
+ 1494 1493
> 1495 1
- 1496
+ 1497 1494
- 1498
+ 1499 1344
C 1500 0.000000000000000000000000000001
< 1501 500
S 1502
< 1503 152
> 1500 150
+ 1504 1505
S 1506
- 1507
C 1508 0.5
< 1509 153
+ 1500 1510
+ 1511 1504
+ 1498 1344
+ 1513 1512
> 1514 1
- 1515
+ 1516 1513
- 1517
+ 1518 1363
C 1519 0.000000000000000000000000000001
< 1520 500
S 1521
< 1522 152
> 1519 150
+ 1523 1524
S 1525
- 1526
C 1527 0.5
< 1528 153
+ 1519 1529
+ 1530 1523
+ 1517 1363
+ 1532 1531
> 1533 1
- 1534
+ 1535 1532
- 1536
+ 1537 1382
C 1538 0.000000000000000000000000000001
< 1539 500
S 1540
< 1541 152
> 1538 150
+ 1542 1543
S 1544
- 1545
C 1546 0.5
< 1547 153
+ 1538 1548
+ 1549 1542
+ 1536 1382
+ 1551 1550
> 1552 1
- 1553
+ 1554 1551
- 1555
+ 1556 1401
C 1557 0.000000000000000000000000000001
< 1558 500
S 1559
< 1560 152
> 1557 150
+ 1561 1562
S 1563
- 1564
C 1565 0.5
< 1566 153
+ 1557 1567
+ 1568 1561
+ 1555 1401
+ 1570 1569
> 1571 1
- 1572
+ 1573 1570
- 1574
+ 1575 1420
C 1576 0.000000000000000000000000000001
< 1577 500
S 1578
< 1579 152
> 1576 150
+ 1580 1581
S 1582
- 1583
C 1584 0.5
< 1585 153
+ 1576 1586
+ 1587 1580
+ 1574 1420
+ 1589 1588
> 1590 1
- 1591
+ 1592 1589
- 1593
+ 1594 1439
C 1595 0.000000000000000000000000000001
< 1596 500
S 1597
< 1598 152
> 1595 150
+ 1599 1600
S 1601
- 1602
C 1603 0.5
< 1604 153
+ 1595 1605
+ 1606 1599
+ 1593 1439
+ 1608 1607
> 1609 1
- 1610
+ 1611 1608
- 1458
+ 1613 1477
C 1614 0.000000000000000000000000000001
< 1615 500
S 1616
< 1617 152
> 1614 150
+ 1618 1619
S 1620
- 1621
C 1622 0.5
< 1623 153
+ 1614 1624
+ 1625 1618
+ 1458 1477
+ 1627 1626
> 1628 1
- 1629
+ 1630 1627
- 1631
+ 1632 1496
C 1633 0.000000000000000000000000000001
< 1634 500
S 1635
< 1636 152
> 1633 150
+ 1637 1638
S 1639
- 1640
C 1641 0.5
< 1642 153
+ 1633 1643
+ 1644 1637
+ 1631 1496
+ 1646 1645
> 1647 1
- 1648
+ 1649 1646
- 1650
+ 1651 1515
C 1652 0.000000000000000000000000000001
< 1653 500
S 1654
< 1655 152
> 1652 150
+ 1656 1657
S 1658
- 1659
C 1660 0.5
< 1661 153
+ 1652 1662
+ 1663 1656
+ 1650 1515
+ 1665 1664
> 1666 1
- 1667
+ 1668 1665
- 1669
+ 1670 1534
C 1671 0.000000000000000000000000000001
< 1672 500
S 1673
< 1674 152
> 1671 150
+ 1675 1676
S 1677
- 1678
C 1679 0.5
< 1680 153
+ 1671 1681
+ 1682 1675
+ 1669 1534
+ 1684 1683
> 1685 1
- 1686
+ 1687 1684
- 1688
+ 1689 1553
C 1690 0.000000000000000000000000000001
< 1691 500
S 1692
< 1693 152
> 1690 150
+ 1694 1695
S 1696
- 1697
C 1698 0.5
< 1699 153
+ 1690 1700
+ 1701 1694
+ 1688 1553
+ 1703 1702
> 1704 1
- 1705
+ 1706 1703
- 1707
+ 1708 1572
C 1709 0.000000000000000000000000000001
< 1710 500
S 1711
< 1712 152
> 1709 150
+ 1713 1714
S 1715
- 1716
C 1717 0.5
< 1718 153
+ 1709 1719
+ 1720 1713
+ 1707 1572
+ 1722 1721
> 1723 1
- 1724
+ 1725 1722
- 1726
+ 1727 1591
C 1728 0.000000000000000000000000000001
< 1729 500
S 1730
< 1731 152
> 1728 150
+ 1732 1733
S 1734
- 1735
C 1736 0.5
< 1737 153
+ 1728 1738
+ 1739 1732
+ 1726 1591
+ 1741 1740
> 1742 1
- 1743
+ 1744 1741
- 1745
+ 1746 1610
C 1747 0.000000000000000000000000000001
< 1748 500
S 1749
< 1750 152
> 1747 150
+ 1751 1752
S 1753
- 1754
C 1755 0.5
< 1756 153
+ 1747 1757
+ 1758 1751
+ 1745 1610
+ 1760 1759
> 1761 1
- 1762
+ 1763 1760
- 1629
+ 1765 1648
C 1766 0.000000000000000000000000000001
< 1767 500
S 1768
< 1769 152
> 1766 150
+ 1770 1771
S 1772
- 1773
C 1774 0.5
< 1775 153
+ 1766 1776
+ 1777 1770
+ 1629 1648
+ 1779 1778
> 1780 1
- 1781
+ 1782 1779
- 1783
+ 1784 1667
C 1785 0.000000000000000000000000000001
< 1786 500
S 1787
< 1788 152
> 1785 150
+ 1789 1790
S 1791
- 1792
C 1793 0.5
< 1794 153
+ 1785 1795
+ 1796 1789
+ 1783 1667
+ 1798 1797
> 1799 1
- 1800
+ 1801 1798
- 1802
+ 1803 1686
C 1804 0.000000000000000000000000000001
< 1805 500
S 1806
< 1807 152
> 1804 150
+ 1808 1809
S 1810
- 1811
C 1812 0.5
< 1813 153
+ 1804 1814
+ 1815 1808
+ 1802 1686
+ 1817 1816
> 1818 1
- 1819
+ 1820 1817
- 1821
+ 1822 1705
C 1823 0.000000000000000000000000000001
< 1824 500
S 1825
< 1826 152
> 1823 150
+ 1827 1828
S 1829
- 1830
C 1831 0.5
< 1832 153
+ 1823 1833
+ 1834 1827
+ 1821 1705
+ 1836 1835
> 1837 1
- 1838
+ 1839 1836
- 1840
+ 1841 1724
C 1842 0.000000000000000000000000000001
< 1843 500
S 1844
< 1845 152
> 1842 150
+ 1846 1847
S 1848
- 1849
C 1850 0.5
< 1851 153
+ 1842 1852
+ 1853 1846
+ 1840 1724
+ 1855 1854
> 1856 1
- 1857
+ 1858 1855
- 1859
+ 1860 1743
C 1861 0.000000000000000000000000000001
< 1862 500
S 1863
< 1864 152
> 1861 150
+ 1865 1866
S 1867
- 1868
C 1869 0.5
< 1870 153
+ 1861 1871
+ 1872 1865
+ 1859 1743
+ 1874 1873
> 1875 1
- 1876
+ 1877 1874
- 1878
+ 1879 1762
C 1880 0.000000000000000000000000000001
< 1881 500
S 1882
< 1883 152
> 1880 150
+ 1884 1885
S 1886
- 1887
C 1888 0.5
< 1889 153
+ 1880 1890
+ 1891 1884
+ 1878 1762
+ 1893 1892
> 1894 1
- 1895
+ 1896 1893
- 1781
+ 1898 1800
C 1899 0.000000000000000000000000000001
< 1900 500
S 1901
< 1902 152
> 1899 150
+ 1903 1904
S 1905
- 1906
C 1907 0.5
< 1908 153
+ 1899 1909
+ 1910 1903
+ 1781 1800
+ 1912 1911
> 1913 1
- 1914
+ 1915 1912
- 1916
+ 1917 1819
C 1918 0.000000000000000000000000000001
< 1919 500
S 1920
< 1921 152
> 1918 150
+ 1922 1923
S 1924
- 1925
C 1926 0.5
< 1927 153
+ 1918 1928
+ 1929 1922
+ 1916 1819
+ 1931 1930
> 1932 1
- 1933
+ 1934 1931
- 1935
+ 1936 1838
C 1937 0.000000000000000000000000000001
< 1938 500
S 1939
< 1940 152
> 1937 150
+ 1941 1942
S 1943
- 1944
C 1945 0.5
< 1946 153
+ 1937 1947
+ 1948 1941
+ 1935 1838
+ 1950 1949
> 1951 1
- 1952
+ 1953 1950
- 1954
+ 1955 1857
C 1956 0.000000000000000000000000000001
< 1957 500
S 1958
< 1959 152
> 1956 150
+ 1960 1961
S 1962
- 1963
C 1964 0.5
< 1965 153
+ 1956 1966
+ 1967 1960
+ 1954 1857
+ 1969 1968
> 1970 1
- 1971
+ 1972 1969
- 1973
+ 1974 1876
C 1975 0.000000000000000000000000000001
< 1976 500
S 1977
< 1978 152
> 1975 150
+ 1979 1980
S 1981
- 1982
C 1983 0.5
< 1984 153
+ 1975 1985
+ 1986 1979
+ 1973 1876
+ 1988 1987
> 1989 1
- 1990
+ 1991 1988
- 1992
+ 1993 1895
C 1994 0.000000000000000000000000000001
< 1995 500
S 1996
< 1997 152
> 1994 150
+ 1998 1999
S 2000
- 2001
C 2002 0.5
< 2003 153
+ 1994 2004
+ 2005 1998
+ 1992 1895
+ 2007 2006
> 2008 1
- 2009
+ 2010 2007
- 1914
+ 2012 1933
C 2013 0.000000000000000000000000000001
< 2014 500
S 2015
< 2016 152
> 2013 150
+ 2017 2018
S 2019
- 2020
C 2021 0.5
< 2022 153
+ 2013 2023
+ 2024 2017
+ 1914 1933
+ 2026 2025
> 2027 1
- 2028
+ 2029 2026
- 2030
+ 2031 1952
C 2032 0.000000000000000000000000000001
< 2033 500
S 2034
< 2035 152
> 2032 150
+ 2036 2037
S 2038
- 2039
C 2040 0.5
< 2041 153
+ 2032 2042
+ 2043 2036
+ 2030 1952
+ 2045 2044
> 2046 1
- 2047
+ 2048 2045
- 2049
+ 2050 1971
C 2051 0.000000000000000000000000000001
< 2052 500
S 2053
< 2054 152
> 2051 150
+ 2055 2056
S 2057
- 2058
C 2059 0.5
< 2060 153
+ 2051 2061
+ 2062 2055
+ 2049 1971
+ 2064 2063
> 2065 1
- 2066
+ 2067 2064
- 2068
+ 2069 1990
C 2070 0.000000000000000000000000000001
< 2071 500
S 2072
< 2073 152
> 2070 150
+ 2074 2075
S 2076
- 2077
C 2078 0.5
< 2079 153
+ 2070 2080
+ 2081 2074
+ 2068 1990
+ 2083 2082
> 2084 1
- 2085
+ 2086 2083
- 2087
+ 2088 2009
C 2089 0.000000000000000000000000000001
< 2090 500
S 2091
< 2092 152
> 2089 150
+ 2093 2094
S 2095
- 2096
C 2097 0.5
< 2098 153
+ 2089 2099
+ 2100 2093
+ 2087 2009
+ 2102 2101
> 2103 1
- 2104
+ 2105 2102
- 2028
+ 2107 2047
C 2108 0.000000000000000000000000000001
< 2109 500
S 2110
< 2111 152
> 2108 150
+ 2112 2113
S 2114
- 2115
C 2116 0.5
< 2117 153
+ 2108 2118
+ 2119 2112
+ 2028 2047
+ 2121 2120
> 2122 1
- 2123
+ 2124 2121
- 2125
+ 2126 2066
C 2127 0.000000000000000000000000000001
< 2128 500
S 2129
< 2130 152
> 2127 150
+ 2131 2132
S 2133
- 2134
C 2135 0.5
< 2136 153
+ 2127 2137
+ 2138 2131
+ 2125 2066
+ 2140 2139
> 2141 1
- 2142
+ 2143 2140
- 2144
+ 2145 2085
C 2146 0.000000000000000000000000000001
< 2147 500
S 2148
< 2149 152
> 2146 150
+ 2150 2151
S 2152
- 2153
C 2154 0.5
< 2155 153
+ 2146 2156
+ 2157 2150
+ 2144 2085
+ 2159 2158
> 2160 1
- 2161
+ 2162 2159
- 2163
+ 2164 2104
C 2165 0.000000000000000000000000000001
< 2166 500
S 2167
< 2168 152
> 2165 150
+ 2169 2170
S 2171
- 2172
C 2173 0.5
< 2174 153
+ 2165 2175
+ 2176 2169
+ 2163 2104
+ 2178 2177
> 2179 1
- 2180
+ 2181 2178
- 2123
+ 2183 2142
C 2184 0.000000000000000000000000000001
< 2185 500
S 2186
< 2187 152
> 2184 150
+ 2188 2189
S 2190
- 2191
C 2192 0.5
< 2193 153
+ 2184 2194
+ 2195 2188
+ 2123 2142
+ 2197 2196
> 2198 1
- 2199
+ 2200 2197
- 2201
+ 2202 2161
C 2203 0.000000000000000000000000000001
< 2204 500
S 2205
< 2206 152
> 2203 150
+ 2207 2208
S 2209
- 2210
C 2211 0.5
< 2212 153
+ 2203 2213
+ 2214 2207
+ 2201 2161
+ 2216 2215
> 2217 1
- 2218
+ 2219 2216
- 2220
+ 2221 2180
C 2222 0.000000000000000000000000000001
< 2223 500
S 2224
< 2225 152
> 2222 150
+ 2226 2227
S 2228
- 2229
C 2230 0.5
< 2231 153
+ 2222 2232
+ 2233 2226
+ 2220 2180
+ 2235 2234
> 2236 1
- 2237
+ 2238 2235
- 2199
+ 2240 2218
C 2241 0.000000000000000000000000000001
< 2242 500
S 2243
< 2244 152
> 2241 150
+ 2245 2246
S 2247
- 2248
C 2249 0.5
< 2250 153
+ 2241 2251
+ 2252 2245
+ 2199 2218
+ 2254 2253
> 2255 1
- 2256
+ 2257 2254
- 2258
+ 2259 2237
C 2260 0.000000000000000000000000000001
< 2261 500
S 2262
< 2263 152
> 2260 150
+ 2264 2265
S 2266
- 2267
C 2268 0.5
< 2269 153
+ 2260 2270
+ 2271 2264
+ 2258 2237
+ 2273 2272
> 2274 1
- 2275
+ 2276 2273
- 2256
+ 2278 2275
C 2279 0.000000000000000000000000000001
< 2280 500
S 2281
< 2282 152
> 2279 150
+ 2283 2284
S 2285
- 2286
C 2287 0.5
< 2288 153
+ 2279 2289
+ 2290 2283
+ 2256 2275
+ 2292 2291
> 2293 1
- 2294
+ 2295 2292
O 301
O 567
O 814
O 1042
O 1251
O 1441
O 1612
O 1764
O 1897
O 2011
O 2106
O 2182
O 2239
O 2277
O 2296
O 2294
