I
< 1 500
C 2 -7029552803973744348141466418259346654483901747346744739219930582205996219799199797373501072037329460296751422864876398630012915711709843264075804970101818523648
S 3
O 4
- 4
< 6 531
+ 7 2
C 8 -3514776401986872174070733209129673327241950873673372369609965291102998109899599898686750536018664730148375711432438199315006457855854921632037902485050909261824
S 9
O 10
- 10
< 12 530
+ 13 8
C 14 -1757388200993436087035366604564836663620975436836686184804982645551499054949799949343375268009332360074187855716219099657503228927927460816018951242525454630912
S 15
O 16
- 16
< 18 529
+ 19 14
C 20 -878694100496718043517683302282418331810487718418343092402491322775749527474899974671687634004666180037093927858109549828751614463963730408009475621262727315456
S 21
O 22
- 22
< 24 528
+ 25 20
C 26 -439347050248359021758841651141209165905243859209171546201245661387874763737449987335843817002333090518546963929054774914375807231981865204004737810631363657728
S 27
O 28
- 28
< 30 527
+ 31 26
C 32 -219673525124179510879420825570604582952621929604585773100622830693937381868724993667921908501166540759273481964527387457187903615990932602002368905315681828864
S 33
O 34
- 34
< 36 526
+ 37 32
C 38 -109836762562089755439710412785302291476310964802292886550311415346968690934362496833960954250583270879636740982263693728593951807995466301001184452657840914432
S 39
O 40
- 40
< 42 525
+ 43 38
C 44 -54918381281044877719855206392651145738155482401146443275155707673484345467181248416980477125291630439818370491131846864296975903997733150500592226328920457216
S 45
O 46
- 46
< 48 524
+ 49 44
C 50 -27459190640522438859927603196325572869077741200573221637577853836742172733590624208490238562645810219909185245565923432148487951998866575250296113164460228608
S 51
O 52
- 52
< 54 523
+ 55 50
C 56 -13729595320261219429963801598162786434538870600286610818788926918371086366795312104245119281322900109954592622782961716074243975999433287625148056582230114304
S 57
O 58
- 58
< 60 522
+ 61 56
C 62 -6864797660130609714981900799081393217269435300143305409394463459185543183397656052122559640661450554977296311391480858037121987999716643812574028291115057152
S 63
O 64
- 64
< 66 521
+ 67 62
C 68 -3432398830065304857490950399540696608634717650071652704697231729592771591698828026061279820330720277488648155695740429018560993999858321906287014145557528576
S 69
O 70
- 70
< 72 520
+ 73 68
C 74 -1716199415032652428745475199770348304317358825035826352348615864796385795849414013030639910165360638744324077847870214509280496999929160953143507072778764288
S 75
O 76
- 76
< 78 519
+ 79 74
C 80 -858099707516326214372737599885174152158679412517913176174307932398192897924707006515319955082680819372162038923935107254640248499964580476571753536389382144
S 81
O 82
- 82
< 84 518
+ 85 80
C 86 -429049853758163107186368799942587076079339706258956588087153966199096448962353503257659977541340909686081019461967553627320124249982290238285876768194691072
S 87
O 88
- 88
< 90 517
+ 91 86
C 92 -214524926879081553593184399971293538039669853129478294043576983099548224481176751628829988770670454843040509730983776813660062124991145119142938384097345536
S 93
O 94
- 94
< 96 516
+ 97 92
C 98 -107262463439540776796592199985646769019834926564739147021788491549774112240588375814414994385330227421520254865491888406830031062495572559571469192048672768
S 99
O 100
- 100
< 102 515
+ 103 98
C 104 -53631231719770388398296099992823384509917463282369573510894245774887056120294187907207497192660613710760127432745944203415015531247786279785734596024336384
S 105
O 106
- 106
< 108 514
+ 109 104
C 110 -26815615859885194199148049996411692254958731641184786755447122887443528060147093953603748596330806855380063716372972101707507765623893139892867298012168192
S 111
O 112
- 112
< 114 513
+ 115 110
C 116 -13407807929942597099574024998205846127479365820592393377723561443721764030073546976801874298160903427690031858186486050853753882811946569946433649006084096
S 117
O 118
- 118
< 120 512
+ 121 116
C 122 -6703903964971298549787012499102923063739682910296196688861780721860882015036773488400937149080451713845015929093243025426876941405973284973216824503042048
S 123
O 124
- 124
< 126 511
+ 127 122
C 128 -3351951982485649274893506249551461531869841455148098344430890360930441007518386744200468574540725856922507964546621512713438470702986642486608412251521024
S 129
O 130
- 130
< 132 510
+ 133 128
C 134 -1675975991242824637446753124775730765934920727574049172215445180465220503759193372100234287270862928461253982273310756356719235351493321243304206125760512
S 135
O 136
- 136
< 138 509
+ 139 134
C 140 -837987995621412318723376562387865382967460363787024586107722590232610251879596686050117143630431464230626991136655378178359617675746660621652103062880256
S 141
O 142
- 142
< 144 508
+ 145 140
C 146 -418993997810706159361688281193932691483730181893512293053861295116305125939798343025058571810715732115313495568327689089179808837873330310826051531440128
S 147
O 148
- 148
< 150 507
+ 151 146
C 152 -209496998905353079680844140596966345741865090946756146526930647558152562969899171512529285900857866057656747784163844544589904418936665155413025765720064
S 153
O 154
- 154
< 156 506
+ 157 152
C 158 -104748499452676539840422070298483172870932545473378073263465323779076281484949585756264642950428933028828373892081922272294952209468332577706512882860032
S 159
O 160
- 160
< 162 505
+ 163 158
C 164 -52374249726338269920211035149241586435466272736689036631732661889538140742474792878132321470214466514414186946040961136147476104734166288853256441430016
S 165
O 166
- 166
< 168 504
+ 169 164
C 170 -26187124863169134960105517574620793217733136368344518315866330944769070371237396439066160730607233257207093473020480568073738052367083144426628220715008
S 171
O 172
- 172
< 174 503
+ 175 170
C 176 -13093562431584567480052758787310396608866568184172259157933165472384535185618698219533080360303616628603546736510240284036869026183541572213314110357504
S 177
O 178
- 178
< 180 502
+ 181 176
C 182 -6546781215792283740026379393655198304433284092086129578966582736192267592809349109766540180651808314301773368255120142018434513091770786106657055178752
S 183
O 184
- 184
< 186 501
+ 187 182
> 188 500
O 189
