I
I
I
> 1 1000
C 4 1
> 1 150
C 2 0.5
< 5 31
- 8
+ 9 7
< 10 1000
S 11
C 12 -1
< 13 500
+ 6 14
S 15
< 16 1
- 12
+ 18 17
< 19 182
+ 4 20
< 12 31
- 22
+ 23 7
< 5 30
- 25
+ 26 24
< 27 1000
S 28
C 29 -1
< 30 500
+ 6 31
S 32
< 33 1
- 29
+ 35 34
< 36 181
+ 21 37
< 29 30
- 39
+ 40 24
< 5 29
- 42
+ 43 41
< 44 1000
S 45
C 46 -1
< 47 500
+ 6 48
S 49
< 50 1
- 46
+ 52 51
< 53 180
+ 38 54
< 46 29
- 56
+ 57 41
< 5 28
- 59
+ 60 58
< 61 1000
S 62
C 63 -1
< 64 500
+ 6 65
S 66
< 67 1
- 63
+ 69 68
< 70 179
+ 55 71
< 63 28
- 73
+ 74 58
< 5 27
- 76
+ 77 75
< 78 1000
S 79
C 80 -1
< 81 500
+ 6 82
S 83
< 84 1
- 80
+ 86 85
< 87 178
+ 72 88
< 80 27
- 90
+ 91 75
< 5 26
- 93
+ 94 92
< 95 1000
S 96
C 97 -1
< 98 500
+ 6 99
S 100
< 101 1
- 97
+ 103 102
< 104 177
+ 89 105
< 97 26
- 107
+ 108 92
< 5 25
- 110
+ 111 109
< 112 1000
S 113
C 114 -1
< 115 500
+ 6 116
S 117
< 118 1
- 114
+ 120 119
< 121 176
+ 106 122
< 114 25
- 124
+ 125 109
< 5 24
- 127
+ 128 126
< 129 1000
S 130
C 131 -1
< 132 500
+ 6 133
S 134
< 135 1
- 131
+ 137 136
< 138 175
+ 123 139
< 131 24
- 141
+ 142 126
< 5 23
- 144
+ 145 143
< 146 1000
S 147
C 148 -1
< 149 500
+ 6 150
S 151
< 152 1
- 148
+ 154 153
< 155 174
+ 140 156
< 148 23
- 158
+ 159 143
< 5 22
- 161
+ 162 160
< 163 1000
S 164
C 165 -1
< 166 500
+ 6 167
S 168
< 169 1
- 165
+ 171 170
< 172 173
+ 157 173
< 165 22
- 175
+ 176 160
< 5 21
- 178
+ 179 177
< 180 1000
S 181
C 182 -1
< 183 500
+ 6 184
S 185
< 186 1
- 182
+ 188 187
< 189 172
+ 174 190
< 182 21
- 192
+ 193 177
< 5 20
- 195
+ 196 194
< 197 1000
S 198
C 199 -1
< 200 500
+ 6 201
S 202
< 203 1
- 199
+ 205 204
< 206 171
+ 191 207
< 199 20
- 209
+ 210 194
< 5 19
- 212
+ 213 211
< 214 1000
S 215
C 216 -1
< 217 500
+ 6 218
S 219
< 220 1
- 216
+ 222 221
< 223 170
+ 208 224
< 216 19
- 226
+ 227 211
< 5 18
- 229
+ 230 228
< 231 1000
S 232
C 233 -1
< 234 500
+ 6 235
S 236
< 237 1
- 233
+ 239 238
< 240 169
+ 225 241
< 233 18
- 243
+ 244 228
< 5 17
- 246
+ 247 245
< 248 1000
S 249
C 250 -1
< 251 500
+ 6 252
S 253
< 254 1
- 250
+ 256 255
< 257 168
+ 242 258
< 250 17
- 260
+ 261 245
< 5 16
- 263
+ 264 262
< 265 1000
S 266
C 267 -1
< 268 500
+ 6 269
S 270
< 271 1
- 267
+ 273 272
< 274 167
+ 259 275
< 267 16
- 277
+ 278 262
< 5 15
- 280
+ 281 279
< 282 1000
S 283
C 284 -1
< 285 500
+ 6 286
S 287
< 288 1
- 284
+ 290 289
< 291 166
+ 276 292
< 284 15
- 294
+ 295 279
< 5 14
- 297
+ 298 296
< 299 1000
S 300
C 301 -1
< 302 500
+ 6 303
S 304
< 305 1
- 301
+ 307 306
< 308 165
+ 293 309
< 301 14
- 311
+ 312 296
< 5 13
- 314
+ 315 313
< 316 1000
S 317
C 318 -1
< 319 500
+ 6 320
S 321
< 322 1
- 318
+ 324 323
< 325 164
+ 310 326
< 318 13
- 328
+ 329 313
< 5 12
- 331
+ 332 330
< 333 1000
S 334
C 335 -1
< 336 500
+ 6 337
S 338
< 339 1
- 335
+ 341 340
< 342 163
+ 327 343
< 335 12
- 345
+ 346 330
< 5 11
- 348
+ 349 347
< 350 1000
S 351
C 352 -1
< 353 500
+ 6 354
S 355
< 356 1
- 352
+ 358 357
< 359 162
+ 344 360
< 352 11
- 362
+ 363 347
< 5 10
- 365
+ 366 364
< 367 1000
S 368
C 369 -1
< 370 500
+ 6 371
S 372
< 373 1
- 369
+ 375 374
< 376 161
+ 361 377
< 369 10
- 379
+ 380 364
< 5 9
- 382
+ 383 381
< 384 1000
S 385
C 386 -1
< 387 500
+ 6 388
S 389
< 390 1
- 386
+ 392 391
< 393 160
+ 378 394
< 386 9
- 396
+ 397 381
< 5 8
- 399
+ 400 398
< 401 1000
S 402
C 403 -1
< 404 500
+ 6 405
S 406
< 407 1
- 403
+ 409 408
< 410 159
+ 395 411
< 403 8
- 413
+ 414 398
< 5 7
- 416
+ 417 415
< 418 1000
S 419
C 420 -1
< 421 500
+ 6 422
S 423
< 424 1
- 420
+ 426 425
< 427 158
+ 412 428
< 420 7
- 430
+ 431 415
< 5 6
- 433
+ 434 432
< 435 1000
S 436
C 437 -1
< 438 500
+ 6 439
S 440
< 441 1
- 437
+ 443 442
< 444 157
+ 429 445
< 437 6
- 447
+ 448 432
< 5 5
- 450
+ 451 449
< 452 1000
S 453
C 454 -1
< 455 500
+ 6 456
S 457
< 458 1
- 454
+ 460 459
< 461 156
+ 446 462
< 454 5
- 464
+ 465 449
< 5 4
- 467
+ 468 466
< 469 1000
S 470
C 471 -1
< 472 500
+ 6 473
S 474
< 475 1
- 471
+ 477 476
< 478 155
+ 463 479
< 471 4
- 481
+ 482 466
< 5 3
- 484
+ 485 483
< 486 1000
S 487
C 488 -1
< 489 500
+ 6 490
S 491
< 492 1
- 488
+ 494 493
< 495 154
+ 480 496
< 488 3
- 498
+ 499 483
< 5 2
- 501
+ 502 500
< 503 1000
S 504
C 505 -1
< 506 500
+ 6 507
S 508
< 509 1
- 505
+ 511 510
< 512 153
+ 497 513
< 505 2
- 515
+ 516 500
< 5 1
- 518
+ 519 517
< 520 1000
S 521
C 522 -1
< 523 500
+ 6 524
S 525
< 526 1
- 522
+ 528 527
< 529 152
+ 514 530
< 522 1
- 532
+ 533 517
< 5 0
- 535
+ 536 534
< 537 1000
S 538
C 539 -1
< 540 500
+ 6 541
S 542
< 543 1
- 539
+ 545 544
< 546 151
+ 531 547
< 539 0
- 549
+ 550 534
C 548 0
- 3
< 553 64
+ 552 554
C 555 0.5
< 556 100
S 557
C 558 -1
< 559 1000
> 554 150
+ 560 561
S 562
< 563 1
- 558
+ 564 565
< 566 151
+ 567 552
< 553 63
+ 568 569
C 570 0.5
< 571 100
S 572
C 573 -1
< 574 1000
> 569 150
+ 575 576
S 577
< 578 1
- 573
+ 579 580
< 581 151
+ 582 568
< 553 62
+ 583 584
C 585 0.5
< 586 100
S 587
C 588 -1
< 589 1000
> 584 150
+ 590 591
S 592
< 593 1
- 588
+ 594 595
< 596 151
+ 597 583
< 553 61
+ 598 599
C 600 0.5
< 601 100
S 602
C 603 -1
< 604 1000
> 599 150
+ 605 606
S 607
< 608 1
- 603
+ 609 610
< 611 151
+ 612 598
< 553 60
+ 613 614
C 615 0.5
< 616 100
S 617
C 618 -1
< 619 1000
> 614 150
+ 620 621
S 622
< 623 1
- 618
+ 624 625
< 626 151
+ 627 613
< 553 59
+ 628 629
C 630 0.5
< 631 100
S 632
C 633 -1
< 634 1000
> 629 150
+ 635 636
S 637
< 638 1
- 633
+ 639 640
< 641 151
+ 642 628
< 553 58
+ 643 644
C 645 0.5
< 646 100
S 647
C 648 -1
< 649 1000
> 644 150
+ 650 651
S 652
< 653 1
- 648
+ 654 655
< 656 151
+ 657 643
< 553 57
+ 658 659
C 660 0.5
< 661 100
S 662
C 663 -1
< 664 1000
> 659 150
+ 665 666
S 667
< 668 1
- 663
+ 669 670
< 671 151
+ 672 658
< 553 56
+ 673 674
C 675 0.5
< 676 100
S 677
C 678 -1
< 679 1000
> 674 150
+ 680 681
S 682
< 683 1
- 678
+ 684 685
< 686 151
+ 687 673
< 553 55
+ 688 689
C 690 0.5
< 691 100
S 692
C 693 -1
< 694 1000
> 689 150
+ 695 696
S 697
< 698 1
- 693
+ 699 700
< 701 151
+ 702 688
< 553 54
+ 703 704
C 705 0.5
< 706 100
S 707
C 708 -1
< 709 1000
> 704 150
+ 710 711
S 712
< 713 1
- 708
+ 714 715
< 716 151
+ 717 703
< 553 53
+ 718 719
C 720 0.5
< 721 100
S 722
C 723 -1
< 724 1000
> 719 150
+ 725 726
S 727
< 728 1
- 723
+ 729 730
< 731 151
+ 732 718
< 553 52
+ 733 734
C 735 0.5
< 736 100
S 737
C 738 -1
< 739 1000
> 734 150
+ 740 741
S 742
< 743 1
- 738
+ 744 745
< 746 151
+ 747 733
< 553 51
+ 748 749
C 750 0.5
< 751 100
S 752
C 753 -1
< 754 1000
> 749 150
+ 755 756
S 757
< 758 1
- 753
+ 759 760
< 761 151
+ 762 748
< 553 50
+ 763 764
C 765 0.5
< 766 100
S 767
C 768 -1
< 769 1000
> 764 150
+ 770 771
S 772
< 773 1
- 768
+ 774 775
< 776 151
+ 777 763
< 553 49
+ 778 779
C 780 0.5
< 781 100
S 782
C 783 -1
< 784 1000
> 779 150
+ 785 786
S 787
< 788 1
- 783
+ 789 790
< 791 151
+ 792 778
< 553 48
+ 793 794
C 795 0.5
< 796 100
S 797
C 798 -1
< 799 1000
> 794 150
+ 800 801
S 802
< 803 1
- 798
+ 804 805
< 806 151
+ 807 793
< 553 47
+ 808 809
C 810 0.5
< 811 100
S 812
C 813 -1
< 814 1000
> 809 150
+ 815 816
S 817
< 818 1
- 813
+ 819 820
< 821 151
+ 822 808
< 553 46
+ 823 824
C 825 0.5
< 826 100
S 827
C 828 -1
< 829 1000
> 824 150
+ 830 831
S 832
< 833 1
- 828
+ 834 835
< 836 151
+ 837 823
< 553 45
+ 838 839
C 840 0.5
< 841 100
S 842
C 843 -1
< 844 1000
> 839 150
+ 845 846
S 847
< 848 1
- 843
+ 849 850
< 851 151
+ 852 838
< 553 44
+ 853 854
C 855 0.5
< 856 100
S 857
C 858 -1
< 859 1000
> 854 150
+ 860 861
S 862
< 863 1
- 858
+ 864 865
< 866 151
+ 867 853
< 553 43
+ 868 869
C 870 0.5
< 871 100
S 872
C 873 -1
< 874 1000
> 869 150
+ 875 876
S 877
< 878 1
- 873
+ 879 880
< 881 151
+ 882 868
< 553 42
+ 883 884
C 885 0.5
< 886 100
S 887
C 888 -1
< 889 1000
> 884 150
+ 890 891
S 892
< 893 1
- 888
+ 894 895
< 896 151
+ 897 883
< 553 41
+ 898 899
C 900 0.5
< 901 100
S 902
C 903 -1
< 904 1000
> 899 150
+ 905 906
S 907
< 908 1
- 903
+ 909 910
< 911 151
+ 912 898
< 553 40
+ 913 914
C 915 0.5
< 916 100
S 917
C 918 -1
< 919 1000
> 914 150
+ 920 921
S 922
< 923 1
- 918
+ 924 925
< 926 151
+ 927 913
< 553 39
+ 928 929
C 930 0.5
< 931 100
S 932
C 933 -1
< 934 1000
> 929 150
+ 935 936
S 937
< 938 1
- 933
+ 939 940
< 941 151
+ 942 928
< 553 38
+ 943 944
C 945 0.5
< 946 100
S 947
C 948 -1
< 949 1000
> 944 150
+ 950 951
S 952
< 953 1
- 948
+ 954 955
< 956 151
+ 957 943
< 553 37
+ 958 959
C 960 0.5
< 961 100
S 962
C 963 -1
< 964 1000
> 959 150
+ 965 966
S 967
< 968 1
- 963
+ 969 970
< 971 151
+ 972 958
< 553 36
+ 973 974
C 975 0.5
< 976 100
S 977
C 978 -1
< 979 1000
> 974 150
+ 980 981
S 982
< 983 1
- 978
+ 984 985
< 986 151
+ 987 973
< 553 35
+ 988 989
C 990 0.5
< 991 100
S 992
C 993 -1
< 994 1000
> 989 150
+ 995 996
S 997
< 998 1
- 993
+ 999 1000
< 1001 151
+ 1002 988
< 553 34
+ 1003 1004
C 1005 0.5
< 1006 100
S 1007
C 1008 -1
< 1009 1000
> 1004 150
+ 1010 1011
S 1012
< 1013 1
- 1008
+ 1014 1015
< 1016 151
+ 1017 1003
< 553 33
+ 1018 1019
C 1020 0.5
< 1021 100
S 1022
C 1023 -1
< 1024 1000
> 1019 150
+ 1025 1026
S 1027
< 1028 1
- 1023
+ 1029 1030
< 1031 151
+ 1032 1018
< 553 32
+ 1033 1034
C 1035 0.5
< 1036 100
S 1037
C 1038 -1
< 1039 1000
> 1034 150
+ 1040 1041
S 1042
< 1043 1
- 1038
+ 1044 1045
< 1046 151
+ 1047 1033
< 553 31
+ 1048 1049
C 1050 0.5
< 1051 100
S 1052
C 1053 -1
< 1054 1000
> 1049 150
+ 1055 1056
S 1057
< 1058 1
- 1053
+ 1059 1060
< 1061 151
+ 1062 1048
< 553 30
+ 1063 1064
C 1065 0.5
< 1066 100
S 1067
C 1068 -1
< 1069 1000
> 1064 150
+ 1070 1071
S 1072
< 1073 1
- 1068
+ 1074 1075
< 1076 151
+ 1077 1063
< 553 29
+ 1078 1079
C 1080 0.5
< 1081 100
S 1082
C 1083 -1
< 1084 1000
> 1079 150
+ 1085 1086
S 1087
< 1088 1
- 1083
+ 1089 1090
< 1091 151
+ 1092 1078
< 553 28
+ 1093 1094
C 1095 0.5
< 1096 100
S 1097
C 1098 -1
< 1099 1000
> 1094 150
+ 1100 1101
S 1102
< 1103 1
- 1098
+ 1104 1105
< 1106 151
+ 1107 1093
< 553 27
+ 1108 1109
C 1110 0.5
< 1111 100
S 1112
C 1113 -1
< 1114 1000
> 1109 150
+ 1115 1116
S 1117
< 1118 1
- 1113
+ 1119 1120
< 1121 151
+ 1122 1108
< 553 26
+ 1123 1124
C 1125 0.5
< 1126 100
S 1127
C 1128 -1
< 1129 1000
> 1124 150
+ 1130 1131
S 1132
< 1133 1
- 1128
+ 1134 1135
< 1136 151
+ 1137 1123
< 553 25
+ 1138 1139
C 1140 0.5
< 1141 100
S 1142
C 1143 -1
< 1144 1000
> 1139 150
+ 1145 1146
S 1147
< 1148 1
- 1143
+ 1149 1150
< 1151 151
+ 1152 1138
< 553 24
+ 1153 1154
C 1155 0.5
< 1156 100
S 1157
C 1158 -1
< 1159 1000
> 1154 150
+ 1160 1161
S 1162
< 1163 1
- 1158
+ 1164 1165
< 1166 151
+ 1167 1153
< 553 23
+ 1168 1169
C 1170 0.5
< 1171 100
S 1172
C 1173 -1
< 1174 1000
> 1169 150
+ 1175 1176
S 1177
< 1178 1
- 1173
+ 1179 1180
< 1181 151
+ 1182 1168
< 553 22
+ 1183 1184
C 1185 0.5
< 1186 100
S 1187
C 1188 -1
< 1189 1000
> 1184 150
+ 1190 1191
S 1192
< 1193 1
- 1188
+ 1194 1195
< 1196 151
+ 1197 1183
< 553 21
+ 1198 1199
C 1200 0.5
< 1201 100
S 1202
C 1203 -1
< 1204 1000
> 1199 150
+ 1205 1206
S 1207
< 1208 1
- 1203
+ 1209 1210
< 1211 151
+ 1212 1198
< 553 20
+ 1213 1214
C 1215 0.5
< 1216 100
S 1217
C 1218 -1
< 1219 1000
> 1214 150
+ 1220 1221
S 1222
< 1223 1
- 1218
+ 1224 1225
< 1226 151
+ 1227 1213
< 553 19
+ 1228 1229
C 1230 0.5
< 1231 100
S 1232
C 1233 -1
< 1234 1000
> 1229 150
+ 1235 1236
S 1237
< 1238 1
- 1233
+ 1239 1240
< 1241 151
+ 1242 1228
< 553 18
+ 1243 1244
C 1245 0.5
< 1246 100
S 1247
C 1248 -1
< 1249 1000
> 1244 150
+ 1250 1251
S 1252
< 1253 1
- 1248
+ 1254 1255
< 1256 151
+ 1257 1243
< 553 17
+ 1258 1259
C 1260 0.5
< 1261 100
S 1262
C 1263 -1
< 1264 1000
> 1259 150
+ 1265 1266
S 1267
< 1268 1
- 1263
+ 1269 1270
< 1271 151
+ 1272 1258
< 553 16
+ 1273 1274
C 1275 0.5
< 1276 100
S 1277
C 1278 -1
< 1279 1000
> 1274 150
+ 1280 1281
S 1282
< 1283 1
- 1278
+ 1284 1285
< 1286 151
+ 1287 1273
< 553 15
+ 1288 1289
C 1290 0.5
< 1291 100
S 1292
C 1293 -1
< 1294 1000
> 1289 150
+ 1295 1296
S 1297
< 1298 1
- 1293
+ 1299 1300
< 1301 151
+ 1302 1288
< 553 14
+ 1303 1304
C 1305 0.5
< 1306 100
S 1307
C 1308 -1
< 1309 1000
> 1304 150
+ 1310 1311
S 1312
< 1313 1
- 1308
+ 1314 1315
< 1316 151
+ 1317 1303
< 553 13
+ 1318 1319
C 1320 0.5
< 1321 100
S 1322
C 1323 -1
< 1324 1000
> 1319 150
+ 1325 1326
S 1327
< 1328 1
- 1323
+ 1329 1330
< 1331 151
+ 1332 1318
< 553 12
+ 1333 1334
C 1335 0.5
< 1336 100
S 1337
C 1338 -1
< 1339 1000
> 1334 150
+ 1340 1341
S 1342
< 1343 1
- 1338
+ 1344 1345
< 1346 151
+ 1347 1333
< 553 11
+ 1348 1349
C 1350 0.5
< 1351 100
S 1352
C 1353 -1
< 1354 1000
> 1349 150
+ 1355 1356
S 1357
< 1358 1
- 1353
+ 1359 1360
< 1361 151
+ 1362 1348
< 553 10
+ 1363 1364
C 1365 0.5
< 1366 100
S 1367
C 1368 -1
< 1369 1000
> 1364 150
+ 1370 1371
S 1372
< 1373 1
- 1368
+ 1374 1375
< 1376 151
+ 1377 1363
< 553 9
+ 1378 1379
C 1380 0.5
< 1381 100
S 1382
C 1383 -1
< 1384 1000
> 1379 150
+ 1385 1386
S 1387
< 1388 1
- 1383
+ 1389 1390
< 1391 151
+ 1392 1378
< 553 8
+ 1393 1394
C 1395 0.5
< 1396 100
S 1397
C 1398 -1
< 1399 1000
> 1394 150
+ 1400 1401
S 1402
< 1403 1
- 1398
+ 1404 1405
< 1406 151
+ 1407 1393
< 553 7
+ 1408 1409
C 1410 0.5
< 1411 100
S 1412
C 1413 -1
< 1414 1000
> 1409 150
+ 1415 1416
S 1417
< 1418 1
- 1413
+ 1419 1420
< 1421 151
+ 1422 1408
< 553 6
+ 1423 1424
C 1425 0.5
< 1426 100
S 1427
C 1428 -1
< 1429 1000
> 1424 150
+ 1430 1431
S 1432
< 1433 1
- 1428
+ 1434 1435
< 1436 151
+ 1437 1423
< 553 5
+ 1438 1439
C 1440 0.5
< 1441 100
S 1442
C 1443 -1
< 1444 1000
> 1439 150
+ 1445 1446
S 1447
< 1448 1
- 1443
+ 1449 1450
< 1451 151
+ 1452 1438
< 553 4
+ 1453 1454
C 1455 0.5
< 1456 100
S 1457
C 1458 -1
< 1459 1000
> 1454 150
+ 1460 1461
S 1462
< 1463 1
- 1458
+ 1464 1465
< 1466 151
+ 1467 1453
< 553 3
+ 1468 1469
C 1470 0.5
< 1471 100
S 1472
C 1473 -1
< 1474 1000
> 1469 150
+ 1475 1476
S 1477
< 1478 1
- 1473
+ 1479 1480
< 1481 151
+ 1482 1468
< 553 2
+ 1483 1484
C 1485 0.5
< 1486 100
S 1487
C 1488 -1
< 1489 1000
> 1484 150
+ 1490 1491
S 1492
< 1493 1
- 1488
+ 1494 1495
< 1496 151
+ 1497 1483
< 553 1
+ 1498 1499
C 1500 0.5
< 1501 100
S 1502
C 1503 -1
< 1504 1000
> 1499 150
+ 1505 1506
S 1507
< 1508 1
- 1503
+ 1509 1510
< 1511 151
+ 1512 1498
< 553 0
+ 1513 1514
C 1515 0.5
< 1516 100
S 1517
C 1518 -1
< 1519 1000
> 1514 150
+ 1520 1521
S 1522
< 1523 1
- 1518
+ 1524 1525
< 1526 151
+ 1527 1513
O 1528
