1 1
213
in
swap
add -1
if key
goto 8
set 1
goto 213
add -1
if key
goto 13
set 2
goto 213
add -1
if key
goto 18
set 3
goto 213
add -1
if key
goto 23
set 5
goto 213
add -1
if key
goto 28
set 8
goto 213
add -1
if key
goto 33
set 13
goto 213
add -1
if key
goto 38
set 21
goto 213
add -1
if key
goto 43
set 34
goto 213
add -1
if key
goto 48
set 55
goto 213
add -1
if key
goto 53
set 89
goto 213
add -1
if key
goto 58
set 144
goto 213
add -1
if key
goto 63
set 233
goto 213
add -1
if key
goto 68
set 377
goto 213
add -1
if key
goto 73
set 610
goto 213
add -1
if key
goto 78
set 987
goto 213
add -1
if key
goto 83
set 1597
goto 213
add -1
if key
goto 88
set 2584
goto 213
add -1
if key
goto 93
set 4181
goto 213
add -1
if key
goto 98
set 6765
goto 213
add -1
if key
goto 103
set 10946
goto 213
add -1
if key
goto 108
set 17711
goto 213
add -1
if key
goto 113
set 28657
goto 213
add -1
if key
goto 118
set 46368
goto 213
add -1
if key
goto 123
set 75025
goto 213
add -1
if key
goto 128
set 121393
goto 213
add -1
if key
goto 133
set 196418
goto 213
add -1
if key
goto 138
set 317811
goto 213
add -1
if key
goto 143
set 514229
goto 213
add -1
if key
goto 148
set 832040
goto 213
add -1
if key
goto 153
set 1346269
goto 213
add -1
if key
goto 158
set 2178309
goto 213
add -1
if key
goto 163
set 3524578
goto 213
add -1
if key
goto 168
set 5702887
goto 213
add -1
if key
goto 173
set 9227465
goto 213
add -1
if key
goto 178
set 14930352
goto 213
add -1
if key
goto 183
set 24157817
goto 213
add -1
if key
goto 188
set 39088169
goto 213
add -1
if key
goto 193
set 63245986
goto 213
add -1
if key
goto 198
set 102334155
goto 213
add -1
if key
goto 203
set 165580141
goto 213
add -1
if key
goto 208
set 267914296
goto 213
add -1
if key
goto 213
set 433494437
goto 213
out
