965 955 926 977 925 881 862 760 976 812 801 884 780 755 728 712 708 667 633 919 948 596 718 873 592 588 580 617 554 887 552 877 845 791 789 697 935 927 915 528 921 664 118 285 573 990 215 536 412 527 96 516 513 509 75 130 137 169 73 155 476 555 625 107 114 128 529 566 637 97 95 145 263 72 630 638 678 357 435 773 786 745 788 348 848 869 974 379 485 117 538 589 38 78 318 652 480 471 470 454 428 188 898 390 360 54 207 541 602 275 644 87 481 510 615 740 779 785 840 894 77 875 438 910 338 269 352 153 451 689 756 828 868 888 91 951 330 320 308 224 126 274 262 287 424 460 701 716 883 466 496 35 108 272 341 484 290 517 112 331 623 421 599 711 281 497 729 101 49 17 182 194 147 249 342 382 418 501 508 37 228 229 542 561 570 113 206 388 403 568 579 613 645 649 658 660 694 758 781 793 165 288 295 696 794 13 192 766 798 220 805 448 833 515 839 841 312 857 252 860 870 911 918 55 606 140 614 668 759 251 653 810 662 9 317 682 490 815 60 127 396 452 680 842 878 923 934 152 685 944 847 702 950 954 36 356 695 808 488 173 620 423 731 966 970 999 307 831 302 300 628 858 294 478 278 260 255 248 673 519 674 445 679 204 334 378 456 558 482 572 590 618 690 719 753 132 837 31 426 239 176 651 859 995 243 238 236 671 463 266 234 241 109 143 159 203 489 544 775 562 811 849 876 703 912 952 343 420 514 677 971 734 994 231 180 750 225 422 640 747 776 221 148 219 138 271 61 79 18 105 200 259 291 296 160 62 313 154 332 59 273 363 370 372 373 198 136 177 321 110 400 134 443 359 24 376 240 447 99 52 217 449 459 483 503 549 560 563 605 611 383 632 639 634 643 26 314 253 111 197 324 23 212 429 648 164 172 245 265 279 335 242 47 603 604 621 650 222 657 475 684 687 57 607 261 170 304 322 257 364 392 93 340 405 406 441 442 507 520 71 578 284 688 693 11 90 144 190 289 299 375 5 329 472 523 533 574 655 672 458 706 208 377 39 567 584 328 186 369 391 474 530 717 477 537 297 720 123 431 133 432 681 425 4 499 591 736 737 494 741 232 158 506 748 752 762 8 258 521 763 765 771 772 778 51 782 784 792 149 163 413 790 48 139 669 319 344 819 826 283 512 543 715 818 597 827 830 835 836 851 42 254 347 64 365 293 83 444 89 498 553 166 583 683 103 397 691 699 539 709 725 733 739 743 80 612 749 414 796 809 820 46 19 53 825 854 856 863 867 559 880 726 184 492 550 337 879 890 891 892 161 69 167 548 326 399 635 661 713 770 885 619 692 893 895 897 904 906 913 587 814 829 864 886 914 916 534 540 106 394 545 465 565 622 408 487 504 367 641 838 646 903 909 735 920 931 932 323 401 933 937 938 939 564 202 609 707 940 436 479 941 942 943 178 67 193 256 351 769 945 949 953 956 486 270 732 724 764 21 327 957 958 704 333 430 746 350 27 409 210 807 235 960 156 380 795 961 385 967 595 469 518 195 63 179 292 670 698 710 751 276 404 803 968 28 922 969 384 41 157 686 738 850 349 872 832 889 535 946 277 616 930 975 175 12 150 211 244 410 467 594 32 901 964 116 979 723 2 141 354 402 557 822 76 14 714 1 813 824 852 433 980 982 68 205 181 267 353 40 70 282 233 427 381 434 450 86 453 355 250 457 237 502 581 797 30 823 900 907 947 984 985 882 168 987 121 395 665 129 371 415 601 783 959 988 461 989 705 855 991 992 993 81 151 996 997 998 213 142 983 196 187 201 339 629 806 209 896 473 654 917 185 45 899 125 214 417 171 495 455 547 742 7 85 226 310 346 468 493 532 598 754 787 524 525 407 600 861 305 500 981 522 124 978 94 189 264 115 199 642 419 66 216 744 146 804 246 816 846 905 191 227 936 593 102 768 25 100 162 183 306 336 416 491 131 531 119 556 626 309 389 511 582 440 575 675 280 345 361 50 387 551 174 20 546 608 104 286 663 721 730 774 821 844 398 908 963 972 268 924 962 135 973 802 986 1000 411 631 393 853 871 98 92 88 464 230 315 325 647 571 656 462 659 767 799 874 505 247 526 627 82 74 374 576 303 65 439 58 56 44 43 446 34 301 33 22 577 585 10 29 16 120 386 610 15 6 218 311 366 569 624 666 676 368 727 761 800 843 84 722 700 834 865 902 122 298 928 757 3 358 586 316 636 817 362 437 866 223 777 929
80
977 925
925 881
881 862
862 760
812 801
884 780
780 755
728 712
712 708
708 667
667 633
948 596
873 592
592 588
588 580
617 554
887 552
791 789
789 697
935 927
915 528
921 664
285 573
412 527
96 516
516 513
513 509
379 485
652 480
480 471
471 470
470 454
454 428
898 390
390 360
910 338
951 330
330 320
320 308
999 307
831 302
302 300
858 294
478 278
278 260
260 255
255 248
995 243
243 238
238 236
266 234
994 231
750 225
776 221
148 219
998 213
983 196
196 187
917 185
899 125
522 124
264 115
593 102
25 100
871 98
98 92
92 88
627 82
82 74
303 65
439 58
58 56
56 44
44 43
446 34
301 33
10 29
29 16
610 15
757 3
